<?xml version="1.0" encoding="UTF-8"?>
<!-- Generated by org.testng.reporters.JUnitReportReporter -->
<testsuite skipped="0" hostname="DESKTOP-UOO84MI" name="com.selenium.practoautomation.PractoAutomation.CorpWell" tests="1" failures="0" timestamp="2021-03-14T12:24:43 IST" time="11.801" errors="0">
  <testcase name="CaptureAlert" time="11.801" classname="com.selenium.practoautomation.PractoAutomation.CorpWell"/>
  <system-out/>
</testsuite> <!-- com.selenium.practoautomation.PractoAutomation.CorpWell -->
