<?xml version="1.0" encoding="UTF-8"?>
<!-- Generated by org.testng.reporters.JUnitReportReporter -->
<testsuite skipped="0" hostname="DESKTOP-UOO84MI" name="com.selenium.practoautomation.PractoAutomation.FindHospital" tests="1" failures="0" timestamp="2021-03-14T12:24:43 IST" time="18.949" errors="0">
  <testcase name="searchForHospital" time="18.949" classname="com.selenium.practoautomation.PractoAutomation.FindHospital"/>
  <system-out/>
</testsuite> <!-- com.selenium.practoautomation.PractoAutomation.FindHospital -->
